::1 - - [23/Nov/2021:18:15:25 +0200] "GET / HTTP/1.1" 200 72911
::1 - - [23/Nov/2021:18:15:25 +0200] "GET /favicon.ico HTTP/1.1" 404 196
::1 - - [23/Nov/2021:18:16:25 +0200] "-" 408 -
::1 - - [23/Nov/2021:18:26:12 +0200] "GET / HTTP/1.1" 200 72675
::1 - - [23/Nov/2021:18:26:27 +0200] "GET / HTTP/1.1" 200 72911
::1 - - [23/Nov/2021:18:40:37 +0200] "GET / HTTP/1.1" 200 435
::1 - - [23/Nov/2021:18:40:45 +0200] "POST /display.php HTTP/1.1" 200 33
::1 - - [23/Nov/2021:18:41:45 +0200] "-" 408 -
::1 - - [23/Nov/2021:18:43:45 +0200] "GET / HTTP/1.1" 304 -
::1 - - [23/Nov/2021:18:43:45 +0200] "GET / HTTP/1.1" 304 -
::1 - - [23/Nov/2021:18:43:45 +0200] "GET / HTTP/1.1" 304 -
::1 - - [23/Nov/2021:18:44:45 +0200] "-" 408 -
::1 - - [23/Nov/2021:19:01:12 +0200] "POST /display.php HTTP/1.1" 200 124
::1 - - [23/Nov/2021:19:02:12 +0200] "-" 408 -
::1 - - [23/Nov/2021:19:02:21 +0200] "-" 408 -
::1 - - [25/Nov/2021:15:25:24 +0200] "GET / HTTP/1.1" 200 773
::1 - - [25/Nov/2021:15:25:25 +0200] "GET /favicon.ico HTTP/1.1" 404 196
::1 - - [25/Nov/2021:15:25:31 +0200] "POST /display.php HTTP/1.1" 200 360
::1 - - [25/Nov/2021:15:26:31 +0200] "-" 408 -
::1 - - [25/Nov/2021:22:21:34 +0200] "GET /favicon.ico HTTP/1.1" 404 196
::1 - - [25/Nov/2021:22:22:34 +0200] "-" 408 -
::1 - - [27/Nov/2021:16:18:18 +0200] "GET / HTTP/1.1" 200 773
::1 - - [27/Nov/2021:16:18:18 +0200] "GET /favicon.ico HTTP/1.1" 404 196
::1 - - [27/Nov/2021:16:18:25 +0200] "POST /display.php HTTP/1.1" 200 384
::1 - - [27/Nov/2021:16:19:25 +0200] "-" 408 -
::1 - - [27/Nov/2021:16:20:03 +0200] "-" 408 -
